<?xml version="1.0" encoding="UTF-8"?>
<!-- Generated by org.testng.reporters.JUnitReportReporter -->
<testsuite hostname="LAPTOP-QSL5ETT9" name="com.ng1.Assertsoft" tests="1" failures="0" timestamp="1 Aug 2022 20:25:19 GMT" time="11.968" errors="0">
  <testcase name="Assert" time="11.968" classname="com.ng1.Assertsoft"/>
</testsuite> <!-- com.ng1.Assertsoft -->
