<?xml version="1.0" encoding="UTF-8"?>
<!-- Generated by org.testng.reporters.JUnitReportReporter -->
<testsuite hostname="LAPTOP-QSL5ETT9" name="com.ng1.Amazonverifycart" tests="2" failures="0" timestamp="23 Jul 2022 14:26:28 GMT" time="0.028" errors="0">
  <testcase name="amazonverifycary" time="0.002" classname="com.ng1.Amazonverifycart"/>
  <testcase name="Amazonaddcart" time="0.026" classname="com.ng1.Amazonverifycart"/>
</testsuite> <!-- com.ng1.Amazonverifycart -->
