<?xml version="1.0" encoding="UTF-8"?>
<!-- Generated by org.testng.reporters.JUnitReportReporter -->
<testsuite hostname="LAPTOP-QSL5ETT9" name="com.ng.PractAnotation" tests="1" failures="0" timestamp="21 Jul 2022 20:14:34 GMT" time="0.005" errors="0">
  <testcase name="five" time="0.005" classname="com.ng.PractAnotation"/>
</testsuite> <!-- com.ng.PractAnotation -->
