<?xml version="1.0" encoding="UTF-8"?>
<!-- Generated by org.testng.reporters.JUnitReportReporter -->
<testsuite hostname="LAPTOP-QSL5ETT9" name="com.ng1.Facebook" tests="1" failures="0" timestamp="22 Jul 2022 21:09:43 GMT" time="3.443" errors="0">
  <testcase name="faceb" time="3.443" classname="com.ng1.Facebook"/>
</testsuite> <!-- com.ng1.Facebook -->
