<?xml version="1.0" encoding="UTF-8"?>
<!-- Generated by org.testng.reporters.JUnitReportReporter -->
<testsuite hostname="LAPTOP-QSL5ETT9" name="com.ng1.Guru" tests="1" failures="0" timestamp="22 Jul 2022 21:09:43 GMT" time="4.164" errors="0">
  <testcase name="gru" time="4.164" classname="com.ng1.Guru"/>
</testsuite> <!-- com.ng1.Guru -->
