<?xml version="1.0" encoding="UTF-8"?>
<!-- Generated by org.testng.reporters.JUnitReportReporter -->
<testsuite hostname="LAPTOP-QSL5ETT9" name="com.ng1.Gmail" tests="1" failures="0" timestamp="22 Jul 2022 21:09:43 GMT" time="4.010" errors="0">
  <testcase name="gmal" time="4.010" classname="com.ng1.Gmail"/>
</testsuite> <!-- com.ng1.Gmail -->
