<?xml version="1.0" encoding="UTF-8"?>
<!-- Generated by org.testng.reporters.JUnitReportReporter -->
<testsuite hostname="LAPTOP-QSL5ETT9" name="com.ng1.ProviderTest" tests="1" failures="0" timestamp="24 Jul 2022 14:48:10 GMT" time="5.215" errors="0">
  <testcase name="login" time="5.215" classname="com.ng1.ProviderTest"/>
</testsuite> <!-- com.ng1.ProviderTest -->
